Added Component: Designator=*1(DIO_PTH_DO41)
Add component. Clean all parameters for all variants
Add component (AddParameter): Name = "Validação"; Value = ""; VariantName = "[No Variations]"
Add component (AddParameter): Name = "Value"; Value = "?"; VariantName = "[No Variations]"
Added Component: Designator=*2(LED_Axial_5mm)
Add component. Clean all parameters for all variants
Add component (AddParameter): Name = "Validação"; Value = ""; VariantName = "[No Variations]"
Add component (AddParameter): Name = "Value"; Value = "?"; VariantName = "[No Variations]"
Added Component: Designator=*3(DIO_PTH_DO41)
Add component. Clean all parameters for all variants
Add component (AddParameter): Name = "Validação"; Value = ""; VariantName = "[No Variations]"
Add component (AddParameter): Name = "Value"; Value = "?"; VariantName = "[No Variations]"
Added Component: Designator=*4(LED_Axial_5mm)
Add component. Clean all parameters for all variants
Add component (AddParameter): Name = "Validação"; Value = ""; VariantName = "[No Variations]"
Add component (AddParameter): Name = "Value"; Value = "?"; VariantName = "[No Variations]"
Added Component: Designator=*5(LED_Axial_5mm)
Add component. Clean all parameters for all variants
Add component (AddParameter): Name = "Validação"; Value = ""; VariantName = "[No Variations]"
Add component (AddParameter): Name = "Value"; Value = "?"; VariantName = "[No Variations]"
Added Component: Designator=Clock(HEADER_1X6)
Add component. Clean all parameters for all variants
Add component (AddParameter): Name = "Validação"; Value = ""; VariantName = "[No Variations]"
Add component (AddParameter): Name = "Value"; Value = "?"; VariantName = "[No Variations]"
Added Component: Designator=Fita_led1(CN_KK_4_5045-4)
Add component. Clean all parameters for all variants
Add component (AddParameter): Name = "Validação"; Value = ""; VariantName = "[No Variations]"
Add component (AddParameter): Name = "Value"; Value = "?"; VariantName = "[No Variations]"
Added Component: Designator=NodeMCU1(DIV_NodeMCU_Socket)
Add component. Clean all parameters for all variants
Add component (AddParameter): Name = "Reference"; Value = "https://bennthomsen.files.wordpress.com/2015/12/nodemcu_pinout_700-2.png"; VariantName = "[No Variations]"
Add component (AddParameter): Name = "Schematic"; Value = "https://raw.githubusercontent.com/nodemcu/nodemcu-devkit/master/Documents/NODEMCU_DEVKIT_SCH.png"; VariantName = "[No Variations]"
Added Component: Designator=Q1(SOT-23B_L)
Add component. Clean all parameters for all variants
Add component (AddParameter): Name = "LatestRevisionDate"; Value = "29-May-2009"; VariantName = "[No Variations]"
Add component (AddParameter): Name = "LatestRevisionNote"; Value = "IPC-7351 Footprint Added."; VariantName = "[No Variations]"
Add component (AddParameter): Name = "PackageDescription"; Value = "3-Pin SOT-23 Package 0.95 mm Pitch, 2.4 mm Lead Span"; VariantName = "[No Variations]"
Add component (AddParameter): Name = "PackageReference"; Value = "SOT-23B"; VariantName = "[No Variations]"
Add component (AddParameter): Name = "PackageVersion"; Value = "Aug-1999"; VariantName = "[No Variations]"
Add component (AddParameter): Name = "Published"; Value = "8-Jun-2000"; VariantName = "[No Variations]"
Add component (AddParameter): Name = "Publisher"; Value = "Altium Limited"; VariantName = "[No Variations]"
Added Component: Designator=Q2(SOT-23B_L)
Add component. Clean all parameters for all variants
Add component (AddParameter): Name = "LatestRevisionDate"; Value = "29-May-2009"; VariantName = "[No Variations]"
Add component (AddParameter): Name = "LatestRevisionNote"; Value = "IPC-7351 Footprint Added."; VariantName = "[No Variations]"
Add component (AddParameter): Name = "PackageDescription"; Value = "3-Pin SOT-23 Package 0.95 mm Pitch, 2.4 mm Lead Span"; VariantName = "[No Variations]"
Add component (AddParameter): Name = "PackageReference"; Value = "SOT-23B"; VariantName = "[No Variations]"
Add component (AddParameter): Name = "PackageVersion"; Value = "Aug-1999"; VariantName = "[No Variations]"
Add component (AddParameter): Name = "Published"; Value = "8-Jun-2000"; VariantName = "[No Variations]"
Add component (AddParameter): Name = "Publisher"; Value = "Altium Limited"; VariantName = "[No Variations]"
Added Component: Designator=Q3(TO-226-AA)
Add component. Clean all parameters for all variants
Add component (AddParameter): Name = "Code_JEDEC"; Value = "TO-226-AA"; VariantName = "[No Variations]"
Add component (AddParameter): Name = "LatestRevisionDate"; Value = "17-Jul-2002"; VariantName = "[No Variations]"
Add component (AddParameter): Name = "LatestRevisionNote"; Value = "Re-released for DXP Platform."; VariantName = "[No Variations]"
Add component (AddParameter): Name = "PackageDescription"; Value = "TO, Flat Index; 3 In-Line, Axial Leads; Body Dia. 4.8mm; Leads 0.55 x 0.51 mm (max)"; VariantName = "[No Variations]"
Add component (AddParameter): Name = "PackageReference"; Value = "TO-226-AA"; VariantName = "[No Variations]"
Add component (AddParameter): Name = "Published"; Value = "8-Jun-2000"; VariantName = "[No Variations]"
Add component (AddParameter): Name = "Publisher"; Value = "Altium Limited"; VariantName = "[No Variations]"
Added Component: Designator=Q4(TO-226-AA)
Add component. Clean all parameters for all variants
Add component (AddParameter): Name = "Code_JEDEC"; Value = "TO-226-AA"; VariantName = "[No Variations]"
Add component (AddParameter): Name = "LatestRevisionDate"; Value = "17-Jul-2002"; VariantName = "[No Variations]"
Add component (AddParameter): Name = "LatestRevisionNote"; Value = "Re-released for DXP Platform."; VariantName = "[No Variations]"
Add component (AddParameter): Name = "PackageDescription"; Value = "TO, Flat Index; 3 In-Line, Axial Leads; Body Dia. 4.8mm; Leads 0.55 x 0.51 mm (max)"; VariantName = "[No Variations]"
Add component (AddParameter): Name = "PackageReference"; Value = "TO-226-AA"; VariantName = "[No Variations]"
Add component (AddParameter): Name = "Published"; Value = "8-Jun-2000"; VariantName = "[No Variations]"
Add component (AddParameter): Name = "Publisher"; Value = "Altium Limited"; VariantName = "[No Variations]"
Added Component: Designator=Q5(SOT-23B_L)
Add component. Clean all parameters for all variants
Add component (AddParameter): Name = "LatestRevisionDate"; Value = "29-May-2009"; VariantName = "[No Variations]"
Add component (AddParameter): Name = "LatestRevisionNote"; Value = "IPC-7351 Footprint Added."; VariantName = "[No Variations]"
Add component (AddParameter): Name = "PackageDescription"; Value = "3-Pin SOT-23 Package 0.95 mm Pitch, 2.4 mm Lead Span"; VariantName = "[No Variations]"
Add component (AddParameter): Name = "PackageReference"; Value = "SOT-23B"; VariantName = "[No Variations]"
Add component (AddParameter): Name = "PackageVersion"; Value = "Aug-1999"; VariantName = "[No Variations]"
Add component (AddParameter): Name = "Published"; Value = "8-Jun-2000"; VariantName = "[No Variations]"
Add component (AddParameter): Name = "Publisher"; Value = "Altium Limited"; VariantName = "[No Variations]"
Added Component: Designator=R1(RES_PTH_7.62MM)
Add component. Clean all parameters for all variants
Add component (AddParameter): Name = "Validação"; Value = ""; VariantName = "[No Variations]"
Add component (AddParameter): Name = "Value"; Value = "?"; VariantName = "[No Variations]"
Added Component: Designator=R2(RES_PTH_7.62MM)
Add component. Clean all parameters for all variants
Add component (AddParameter): Name = "Validação"; Value = ""; VariantName = "[No Variations]"
Add component (AddParameter): Name = "Value"; Value = "?"; VariantName = "[No Variations]"
Added Component: Designator=R3(RES_PTH_7.62MM)
Add component. Clean all parameters for all variants
Add component (AddParameter): Name = "Validação"; Value = ""; VariantName = "[No Variations]"
Add component (AddParameter): Name = "Value"; Value = "?"; VariantName = "[No Variations]"
Added Component: Designator=R4(RES_PTH_7.62MM)
Add component. Clean all parameters for all variants
Add component (AddParameter): Name = "Validação"; Value = ""; VariantName = "[No Variations]"
Add component (AddParameter): Name = "Value"; Value = "?"; VariantName = "[No Variations]"
Added Component: Designator=R5(RES_PTH_7.62MM)
Add component. Clean all parameters for all variants
Add component (AddParameter): Name = "Validação"; Value = ""; VariantName = "[No Variations]"
Add component (AddParameter): Name = "Value"; Value = "1k"; VariantName = "[No Variations]"
Added Component: Designator=R6(RES_PTH_7.62MM)
Add component. Clean all parameters for all variants
Add component (AddParameter): Name = "Validação"; Value = ""; VariantName = "[No Variations]"
Add component (AddParameter): Name = "Value"; Value = "1k"; VariantName = "[No Variations]"
Added Component: Designator=R7(RES_PTH_7.62MM)
Add component. Clean all parameters for all variants
Add component (AddParameter): Name = "Validação"; Value = ""; VariantName = "[No Variations]"
Add component (AddParameter): Name = "Value"; Value = "?"; VariantName = "[No Variations]"
Added Component: Designator=R8(RES_PTH_7.62MM)
Add component. Clean all parameters for all variants
Add component (AddParameter): Name = "Validação"; Value = ""; VariantName = "[No Variations]"
Add component (AddParameter): Name = "Value"; Value = "?"; VariantName = "[No Variations]"
Added Component: Designator=R9(RES_PTH_7.62MM)
Add component. Clean all parameters for all variants
Add component (AddParameter): Name = "Validação"; Value = ""; VariantName = "[No Variations]"
Add component (AddParameter): Name = "Value"; Value = "?"; VariantName = "[No Variations]"
Added Component: Designator=RL1(DIV_RELE_5551)
Add component. Clean all parameters for all variants
Add component (AddParameter): Name = "Validação"; Value = ""; VariantName = "[No Variations]"
Add component (AddParameter): Name = "Value"; Value = "RELEICR5551"; VariantName = "[No Variations]"
Added Component: Designator=RL2(DIV_RELE_5551)
Add component. Clean all parameters for all variants
Add component (AddParameter): Name = "Validação"; Value = ""; VariantName = "[No Variations]"
Add component (AddParameter): Name = "Value"; Value = "RELEICR5551"; VariantName = "[No Variations]"
Added Component: Designator=X1(HEADER_1X2)
Add component. Clean all parameters for all variants
Add component (AddParameter): Name = "Validação"; Value = ""; VariantName = "[No Variations]"
Add component (AddParameter): Name = "Value"; Value = "?"; VariantName = "[No Variations]"
Added Pin To Net: NetName=Net*_K Pin=*4-K
Added Pin To Net: NetName=Net*?_A Pin=*5-K
Added Pin To Net: NetName=+5 Pin=Clock-5
Added Pin To Net: NetName=GND Pin=Clock-6
Added Pin To Net: NetName=GND Pin=Fita_led1-1
Added Pin To Net: NetName=Net*_A Pin=Fita_led1-4
Added Pin To Net: NetName=GND Pin=NodeMCU1-14
Added Pin To Net: NetName=Net*_A Pin=Q1-1
Added Pin To Net: NetName=Net*?_K Pin=Q3-2
Added Pin To Net: NetName=GND Pin=Q3-3
Added Pin To Net: NetName=GND Pin=Q4-3
Added Pin To Net: NetName=GND Pin=R1-1
Added Pin To Net: NetName=GND Pin=R3-1
Added Pin To Net: NetName=Net*?_K Pin=R5-2
Added Pin To Net: NetName=GND Pin=R8-1
Added Pin To Net: NetName=Net*_K Pin=R8-2
Added Pin To Net: NetName=GND Pin=R9-1
Added Pin To Net: NetName=Net*?_A Pin=R9-2
Added Pin To Net: NetName=+5 Pin=X1-1
Change Net Name : Old Net Name=Net*?_A New Net Name=Net*5_K
Change Net Name : Old Net Name=Net*?_K New Net Name=NetQ3_2
Change Net Name : Old Net Name=Net*_A New Net Name=NetFita_led1_4
Change Net Name : Old Net Name=Net*_K New Net Name=Net*4_K
Added Pin To Net: NetName=+12 Pin=*1-K
Added Pin To Net: NetName=+12 Pin=*3-K
Added Pin To Net: NetName=+12 Pin=NodeMCU1-15
Added Pin To Net: NetName=+12 Pin=Q1-3
Added Pin To Net: NetName=+12 Pin=Q2-3
Added Pin To Net: NetName=+12 Pin=Q5-3
Added Pin To Net: NetName=+12 Pin=RL1-4
Added Pin To Net: NetName=+12 Pin=RL2-4
Added Net: Name=+12
Added Pin To Net: NetName=Net*1_A Pin=*1-A
Added Pin To Net: NetName=Net*1_A Pin=*4-A
Added Pin To Net: NetName=Net*1_A Pin=Q3-1
Added Pin To Net: NetName=Net*1_A Pin=RL1-5
Added Net: Name=Net*1_A
Added Pin To Net: NetName=Net*2_A Pin=*2-A
Added Pin To Net: NetName=Net*2_A Pin=NodeMCU1-1
Added Pin To Net: NetName=Net*2_A Pin=R1-2
Added Pin To Net: NetName=Net*2_A Pin=X1-2
Added Net: Name=Net*2_A
Added Pin To Net: NetName=Net*2_K Pin=*2-K
Added Pin To Net: NetName=Net*2_K Pin=R3-2
Added Net: Name=Net*2_K
Added Pin To Net: NetName=Net*3_A Pin=*3-A
Added Pin To Net: NetName=Net*3_A Pin=*5-A
Added Pin To Net: NetName=Net*3_A Pin=Q4-1
Added Pin To Net: NetName=Net*3_A Pin=RL2-5
Added Net: Name=Net*3_A
Added Pin To Net: NetName=NetClock_3 Pin=Clock-3
Added Pin To Net: NetName=NetClock_3 Pin=NodeMCU1-29
Added Net: Name=NetClock_3
Added Pin To Net: NetName=NetClock_4 Pin=Clock-4
Added Pin To Net: NetName=NetClock_4 Pin=NodeMCU1-28
Added Net: Name=NetClock_4
Added Pin To Net: NetName=NetFita_led1_2 Pin=Fita_led1-2
Added Pin To Net: NetName=NetFita_led1_2 Pin=Q5-1
Added Net: Name=NetFita_led1_2
Added Pin To Net: NetName=NetFita_led1_3 Pin=Fita_led1-3
Added Pin To Net: NetName=NetFita_led1_3 Pin=Q2-1
Added Net: Name=NetFita_led1_3
Added Pin To Net: NetName=NetNodeMCU1_21 Pin=NodeMCU1-21
Added Pin To Net: NetName=NetNodeMCU1_21 Pin=R7-1
Added Net: Name=NetNodeMCU1_21
Added Pin To Net: NetName=NetNodeMCU1_22 Pin=NodeMCU1-22
Added Pin To Net: NetName=NetNodeMCU1_22 Pin=R4-1
Added Net: Name=NetNodeMCU1_22
Added Pin To Net: NetName=NetNodeMCU1_23 Pin=NodeMCU1-23
Added Pin To Net: NetName=NetNodeMCU1_23 Pin=R2-1
Added Net: Name=NetNodeMCU1_23
Added Pin To Net: NetName=NetNodeMCU1_26 Pin=NodeMCU1-26
Added Pin To Net: NetName=NetNodeMCU1_26 Pin=R6-1
Added Net: Name=NetNodeMCU1_26
Added Pin To Net: NetName=NetNodeMCU1_27 Pin=NodeMCU1-27
Added Pin To Net: NetName=NetNodeMCU1_27 Pin=R5-1
Added Net: Name=NetNodeMCU1_27
Added Pin To Net: NetName=NetQ1_2 Pin=Q1-2
Added Pin To Net: NetName=NetQ1_2 Pin=R2-2
Added Net: Name=NetQ1_2
Added Pin To Net: NetName=NetQ2_2 Pin=Q2-2
Added Pin To Net: NetName=NetQ2_2 Pin=R4-2
Added Net: Name=NetQ2_2
Added Pin To Net: NetName=NetQ4_2 Pin=Q4-2
Added Pin To Net: NetName=NetQ4_2 Pin=R6-2
Added Net: Name=NetQ4_2
Added Pin To Net: NetName=NetQ5_2 Pin=Q5-2
Added Pin To Net: NetName=NetQ5_2 Pin=R7-2
Added Net: Name=NetQ5_2
Change Class Name : Old Net Name=Sheet1 New Net Name=main
Added Class: Name=relay_and_led_RGB
Added Member To Class: ClassName=main Member=Component *2 LED_AXIAL_5MM
Added Member To Class: ClassName=main Member=Component Clock HEADER_1X6
Added Member To Class: ClassName=main Member=Component NodeMCU1 ESP8266 Development kit
Added Member To Class: ClassName=main Member=Component R1 ?
Added Member To Class: ClassName=main Member=Component R3 ?
Added Member To Class: ClassName=main Member=Component X1 ?
Added Room: Name=main
Added Room: Name=relay_and_led_RGB
