Added Component: Designator=*1(LED_Axial_5mm)
Add component. Clean all parameters for all variants
Add component (AddParameter): Name = "Validação"; Value = ""; VariantName = "[No Variations]"
Add component (AddParameter): Name = "Value"; Value = "?"; VariantName = "[No Variations]"
Added Component: Designator=*2(DIO_PTH_DO41)
Add component. Clean all parameters for all variants
Add component (AddParameter): Name = "Validação"; Value = ""; VariantName = "[No Variations]"
Add component (AddParameter): Name = "Value"; Value = "?"; VariantName = "[No Variations]"
Added Component: Designator=*3(DIO_PTH_DO41)
Add component. Clean all parameters for all variants
Add component (AddParameter): Name = "Validação"; Value = ""; VariantName = "[No Variations]"
Add component (AddParameter): Name = "Value"; Value = "?"; VariantName = "[No Variations]"
Added Component: Designator=*4(LED_Axial_5mm)
Add component. Clean all parameters for all variants
Add component (AddParameter): Name = "Validação"; Value = ""; VariantName = "[No Variations]"
Add component (AddParameter): Name = "Value"; Value = "?"; VariantName = "[No Variations]"
Added Component: Designator=*5(LED_Axial_5mm)
Add component. Clean all parameters for all variants
Add component (AddParameter): Name = "Validação"; Value = ""; VariantName = "[No Variations]"
Add component (AddParameter): Name = "Value"; Value = "?"; VariantName = "[No Variations]"
Added Component: Designator=*6(LED_Axial_5mm)
Add component. Clean all parameters for all variants
Add component (AddParameter): Name = "Validação"; Value = ""; VariantName = "[No Variations]"
Add component (AddParameter): Name = "Value"; Value = "?"; VariantName = "[No Variations]"
Added Component: Designator=*7(LED_Axial_5mm)
Add component. Clean all parameters for all variants
Add component (AddParameter): Name = "Validação"; Value = ""; VariantName = "[No Variations]"
Add component (AddParameter): Name = "Value"; Value = "?"; VariantName = "[No Variations]"
Added Component: Designator=*8(LED_Axial_5mm)
Add component. Clean all parameters for all variants
Add component (AddParameter): Name = "Validação"; Value = ""; VariantName = "[No Variations]"
Add component (AddParameter): Name = "Value"; Value = "?"; VariantName = "[No Variations]"
Added Component: Designator=aliemntação(CN_KRE_2)
Add component. Clean all parameters for all variants
Add component (AddParameter): Name = "Validação"; Value = ""; VariantName = "[No Variations]"
Add component (AddParameter): Name = "Value"; Value = "?"; VariantName = "[No Variations]"
Added Component: Designator=Button(HEADER_1X2)
Add component. Clean all parameters for all variants
Add component (AddParameter): Name = "Validação"; Value = ""; VariantName = "[No Variations]"
Add component (AddParameter): Name = "Value"; Value = "?"; VariantName = "[No Variations]"
Added Component: Designator=Clock1(HEADER_1X6)
Add component. Clean all parameters for all variants
Add component (AddParameter): Name = "Validação"; Value = ""; VariantName = "[No Variations]"
Add component (AddParameter): Name = "Value"; Value = "?"; VariantName = "[No Variations]"
Added Component: Designator=Fita_led1(CN_KK_4_5045-4)
Add component. Clean all parameters for all variants
Add component (AddParameter): Name = "Validação"; Value = ""; VariantName = "[No Variations]"
Add component (AddParameter): Name = "Value"; Value = "?"; VariantName = "[No Variations]"
Added Component: Designator=NodeMCU1(DIV_NodeMCU_Socket)
Add component. Clean all parameters for all variants
Add component (AddParameter): Name = "Reference"; Value = "https://bennthomsen.files.wordpress.com/2015/12/nodemcu_pinout_700-2.png"; VariantName = "[No Variations]"
Add component (AddParameter): Name = "Schematic"; Value = "https://raw.githubusercontent.com/nodemcu/nodemcu-devkit/master/Documents/NODEMCU_DEVKIT_SCH.png"; VariantName = "[No Variations]"
Added Component: Designator=Q1(TO-226-AA)
Add component. Clean all parameters for all variants
Add component (AddParameter): Name = "Code_JEDEC"; Value = "TO-226-AA"; VariantName = "[No Variations]"
Add component (AddParameter): Name = "LatestRevisionDate"; Value = "17-Jul-2002"; VariantName = "[No Variations]"
Add component (AddParameter): Name = "LatestRevisionNote"; Value = "Re-released for DXP Platform."; VariantName = "[No Variations]"
Add component (AddParameter): Name = "PackageDescription"; Value = "TO, Flat Index; 3 In-Line, Axial Leads; Body Dia. 4.8mm; Leads 0.55 x 0.51 mm (max)"; VariantName = "[No Variations]"
Add component (AddParameter): Name = "PackageReference"; Value = "TO-226-AA"; VariantName = "[No Variations]"
Add component (AddParameter): Name = "Published"; Value = "8-Jun-2000"; VariantName = "[No Variations]"
Add component (AddParameter): Name = "Publisher"; Value = "Altium Limited"; VariantName = "[No Variations]"
Added Component: Designator=Q2(TO-226-AA)
Add component. Clean all parameters for all variants
Add component (AddParameter): Name = "Code_JEDEC"; Value = "TO-226-AA"; VariantName = "[No Variations]"
Add component (AddParameter): Name = "LatestRevisionDate"; Value = "17-Jul-2002"; VariantName = "[No Variations]"
Add component (AddParameter): Name = "LatestRevisionNote"; Value = "Re-released for DXP Platform."; VariantName = "[No Variations]"
Add component (AddParameter): Name = "PackageDescription"; Value = "TO, Flat Index; 3 In-Line, Axial Leads; Body Dia. 4.8mm; Leads 0.55 x 0.51 mm (max)"; VariantName = "[No Variations]"
Add component (AddParameter): Name = "PackageReference"; Value = "TO-226-AA"; VariantName = "[No Variations]"
Add component (AddParameter): Name = "Published"; Value = "8-Jun-2000"; VariantName = "[No Variations]"
Add component (AddParameter): Name = "Publisher"; Value = "Altium Limited"; VariantName = "[No Variations]"
Added Component: Designator=Q3(TO-226-AA)
Add component. Clean all parameters for all variants
Add component (AddParameter): Name = "Code_JEDEC"; Value = "TO-226-AA"; VariantName = "[No Variations]"
Add component (AddParameter): Name = "LatestRevisionDate"; Value = "17-Jul-2002"; VariantName = "[No Variations]"
Add component (AddParameter): Name = "LatestRevisionNote"; Value = "Re-released for DXP Platform."; VariantName = "[No Variations]"
Add component (AddParameter): Name = "PackageDescription"; Value = "TO, Flat Index; 3 In-Line, Axial Leads; Body Dia. 4.8mm; Leads 0.55 x 0.51 mm (max)"; VariantName = "[No Variations]"
Add component (AddParameter): Name = "PackageReference"; Value = "TO-226-AA"; VariantName = "[No Variations]"
Add component (AddParameter): Name = "Published"; Value = "8-Jun-2000"; VariantName = "[No Variations]"
Add component (AddParameter): Name = "Publisher"; Value = "Altium Limited"; VariantName = "[No Variations]"
Added Component: Designator=Q4(TO-226-AA)
Add component. Clean all parameters for all variants
Add component (AddParameter): Name = "Code_JEDEC"; Value = "TO-226-AA"; VariantName = "[No Variations]"
Add component (AddParameter): Name = "LatestRevisionDate"; Value = "17-Jul-2002"; VariantName = "[No Variations]"
Add component (AddParameter): Name = "LatestRevisionNote"; Value = "Re-released for DXP Platform."; VariantName = "[No Variations]"
Add component (AddParameter): Name = "PackageDescription"; Value = "TO, Flat Index; 3 In-Line, Axial Leads; Body Dia. 4.8mm; Leads 0.55 x 0.51 mm (max)"; VariantName = "[No Variations]"
Add component (AddParameter): Name = "PackageReference"; Value = "TO-226-AA"; VariantName = "[No Variations]"
Add component (AddParameter): Name = "Published"; Value = "8-Jun-2000"; VariantName = "[No Variations]"
Add component (AddParameter): Name = "Publisher"; Value = "Altium Limited"; VariantName = "[No Variations]"
Added Component: Designator=Q5(TO-226-AA)
Add component. Clean all parameters for all variants
Add component (AddParameter): Name = "Code_JEDEC"; Value = "TO-226-AA"; VariantName = "[No Variations]"
Add component (AddParameter): Name = "LatestRevisionDate"; Value = "17-Jul-2002"; VariantName = "[No Variations]"
Add component (AddParameter): Name = "LatestRevisionNote"; Value = "Re-released for DXP Platform."; VariantName = "[No Variations]"
Add component (AddParameter): Name = "PackageDescription"; Value = "TO, Flat Index; 3 In-Line, Axial Leads; Body Dia. 4.8mm; Leads 0.55 x 0.51 mm (max)"; VariantName = "[No Variations]"
Add component (AddParameter): Name = "PackageReference"; Value = "TO-226-AA"; VariantName = "[No Variations]"
Add component (AddParameter): Name = "Published"; Value = "8-Jun-2000"; VariantName = "[No Variations]"
Add component (AddParameter): Name = "Publisher"; Value = "Altium Limited"; VariantName = "[No Variations]"
Added Component: Designator=R1(RES_PTH_7.62MM)
Add component. Clean all parameters for all variants
Add component (AddParameter): Name = "Validação"; Value = ""; VariantName = "[No Variations]"
Add component (AddParameter): Name = "Value"; Value = "1M"; VariantName = "[No Variations]"
Added Component: Designator=R2(RES_PTH_7.62MM)
Add component. Clean all parameters for all variants
Add component (AddParameter): Name = "Validação"; Value = ""; VariantName = "[No Variations]"
Add component (AddParameter): Name = "Value"; Value = "330"; VariantName = "[No Variations]"
Added Component: Designator=R3(RES_PTH_7.62MM)
Add component. Clean all parameters for all variants
Add component (AddParameter): Name = "Validação"; Value = ""; VariantName = "[No Variations]"
Add component (AddParameter): Name = "Value"; Value = "10k"; VariantName = "[No Variations]"
Added Component: Designator=R4(RES_PTH_7.62MM)
Add component. Clean all parameters for all variants
Add component (AddParameter): Name = "Validação"; Value = ""; VariantName = "[No Variations]"
Add component (AddParameter): Name = "Value"; Value = "10k"; VariantName = "[No Variations]"
Added Component: Designator=R5(RES_PTH_7.62MM)
Add component. Clean all parameters for all variants
Add component (AddParameter): Name = "Validação"; Value = ""; VariantName = "[No Variations]"
Add component (AddParameter): Name = "Value"; Value = "10k"; VariantName = "[No Variations]"
Added Component: Designator=R6(RES_PTH_7.62MM)
Add component. Clean all parameters for all variants
Add component (AddParameter): Name = "Validação"; Value = ""; VariantName = "[No Variations]"
Add component (AddParameter): Name = "Value"; Value = "10k"; VariantName = "[No Variations]"
Added Component: Designator=R7(RES_PTH_7.62MM)
Add component. Clean all parameters for all variants
Add component (AddParameter): Name = "Validação"; Value = ""; VariantName = "[No Variations]"
Add component (AddParameter): Name = "Value"; Value = "330"; VariantName = "[No Variations]"
Added Component: Designator=R8(RES_PTH_7.62MM)
Add component. Clean all parameters for all variants
Add component (AddParameter): Name = "Validação"; Value = ""; VariantName = "[No Variations]"
Add component (AddParameter): Name = "Value"; Value = "330"; VariantName = "[No Variations]"
Added Component: Designator=R9(RES_PTH_7.62MM)
Add component. Clean all parameters for all variants
Add component (AddParameter): Name = "Validação"; Value = ""; VariantName = "[No Variations]"
Add component (AddParameter): Name = "Value"; Value = "10k"; VariantName = "[No Variations]"
Added Component: Designator=R10(RES_PTH_7.62MM)
Add component. Clean all parameters for all variants
Add component (AddParameter): Name = "Validação"; Value = ""; VariantName = "[No Variations]"
Add component (AddParameter): Name = "Value"; Value = "330"; VariantName = "[No Variations]"
Added Component: Designator=R11(RES_PTH_7.62MM)
Add component. Clean all parameters for all variants
Add component (AddParameter): Name = "Validação"; Value = ""; VariantName = "[No Variations]"
Add component (AddParameter): Name = "Value"; Value = "330"; VariantName = "[No Variations]"
Added Component: Designator=R12(RES_PTH_7.62MM)
Add component. Clean all parameters for all variants
Add component (AddParameter): Name = "Validação"; Value = ""; VariantName = "[No Variations]"
Add component (AddParameter): Name = "Value"; Value = "330"; VariantName = "[No Variations]"
Added Component: Designator=rede_A(CN_KRE_3)
Add component. Clean all parameters for all variants
Add component (AddParameter): Name = "Validação"; Value = ""; VariantName = "[No Variations]"
Add component (AddParameter): Name = "Value"; Value = "?"; VariantName = "[No Variations]"
Added Component: Designator=rede_B(CN_KRE_3)
Add component. Clean all parameters for all variants
Add component (AddParameter): Name = "Validação"; Value = ""; VariantName = "[No Variations]"
Add component (AddParameter): Name = "Value"; Value = "?"; VariantName = "[No Variations]"
Added Component: Designator=RL1(DIV_RELE_5551)
Add component. Clean all parameters for all variants
Add component (AddParameter): Name = "Validação"; Value = ""; VariantName = "[No Variations]"
Add component (AddParameter): Name = "Value"; Value = "RELEICR5551"; VariantName = "[No Variations]"
Added Component: Designator=RL2(DIV_RELE_5551)
Add component. Clean all parameters for all variants
Add component (AddParameter): Name = "Validação"; Value = ""; VariantName = "[No Variations]"
Add component (AddParameter): Name = "Value"; Value = "RELEICR5551"; VariantName = "[No Variations]"
Added Pin To Net: NetName=Net*1_A Pin=*1-A
Added Pin To Net: NetName=Net*1_K Pin=*1-K
Added Pin To Net: NetName=Net*2_A Pin=*2-A
Added Pin To Net: NetName=+12 Pin=*2-K
Added Pin To Net: NetName=Net*3_A Pin=*3-A
Added Pin To Net: NetName=+12 Pin=*3-K
Added Pin To Net: NetName=Net*2_A Pin=*4-A
Added Pin To Net: NetName=Net*4_K Pin=*4-K
Added Pin To Net: NetName=Net*3_A Pin=*5-A
Added Pin To Net: NetName=Net*5_K Pin=*5-K
Added Pin To Net: NetName=+12 Pin=*6-A
Added Pin To Net: NetName=+12 Pin=*7-A
Added Pin To Net: NetName=+12 Pin=*8-A
Added Pin To Net: NetName=+12 Pin=aliemntação-1
Added Pin To Net: NetName=GND Pin=aliemntação-2
Added Pin To Net: NetName=+3v3 Pin=Button-1
Added Pin To Net: NetName=Net*1_A Pin=Button-2
Added Pin To Net: NetName=NetClock1_3 Pin=Clock1-3
Added Pin To Net: NetName=NetClock1_4 Pin=Clock1-4
Added Pin To Net: NetName=+3v3 Pin=Clock1-5
Added Pin To Net: NetName=GND Pin=Clock1-6
Added Pin To Net: NetName=+12 Pin=Fita_led1-1
Added Pin To Net: NetName=NetFita_led1_2 Pin=Fita_led1-2
Added Pin To Net: NetName=NetFita_led1_3 Pin=Fita_led1-3
Added Pin To Net: NetName=NetFita_led1_4 Pin=Fita_led1-4
Added Pin To Net: NetName=Net*1_A Pin=NodeMCU1-1
Added Pin To Net: NetName=GND Pin=NodeMCU1-14
Added Pin To Net: NetName=+12 Pin=NodeMCU1-15
Added Pin To Net: NetName=+3v3 Pin=NodeMCU1-16
Added Pin To Net: NetName=GND Pin=NodeMCU1-17
Added Pin To Net: NetName=NetNodeMCU1_21 Pin=NodeMCU1-21
Added Pin To Net: NetName=NetNodeMCU1_22 Pin=NodeMCU1-22
Added Pin To Net: NetName=NetNodeMCU1_23 Pin=NodeMCU1-23
Added Pin To Net: NetName=NetNodeMCU1_26 Pin=NodeMCU1-26
Added Pin To Net: NetName=NetNodeMCU1_27 Pin=NodeMCU1-27
Added Pin To Net: NetName=NetClock1_4 Pin=NodeMCU1-28
Added Pin To Net: NetName=NetClock1_3 Pin=NodeMCU1-29
Added Pin To Net: NetName=NetFita_led1_4 Pin=Q1-1
Added Pin To Net: NetName=NetQ?_2 Pin=Q1-2
Added Pin To Net: NetName=GND Pin=Q1-3
Added Pin To Net: NetName=Net*2_A Pin=Q2-1
Added Pin To Net: NetName=NetQ2_2 Pin=Q2-2
Added Pin To Net: NetName=GND Pin=Q2-3
Added Pin To Net: NetName=Net*3_A Pin=Q3-1
Added Pin To Net: NetName=NetQ3_2 Pin=Q3-2
Added Pin To Net: NetName=GND Pin=Q3-3
Added Pin To Net: NetName=NetFita_led1_3 Pin=Q4-1
Added Pin To Net: NetName=NetQ?_2 Pin=Q4-2
Added Pin To Net: NetName=GND Pin=Q4-3
Added Pin To Net: NetName=NetFita_led1_2 Pin=Q5-1
Added Pin To Net: NetName=NetQ?_2 Pin=Q5-2
Added Pin To Net: NetName=GND Pin=Q5-3
Added Pin To Net: NetName=GND Pin=R1-1
Added Pin To Net: NetName=Net*1_A Pin=R1-2
Added Pin To Net: NetName=GND Pin=R2-1
Added Pin To Net: NetName=Net*1_K Pin=R2-2
Added Pin To Net: NetName=NetNodeMCU1_23 Pin=R3-1
Added Pin To Net: NetName=NetQ?_2 Pin=R3-2
Added Pin To Net: NetName=NetNodeMCU1_27 Pin=R4-1
Added Pin To Net: NetName=NetQ2_2 Pin=R4-2
Added Pin To Net: NetName=NetNodeMCU1_26 Pin=R5-1
Added Pin To Net: NetName=NetQ3_2 Pin=R5-2
Added Pin To Net: NetName=NetNodeMCU1_22 Pin=R6-1
Added Pin To Net: NetName=NetQ?_2 Pin=R6-2
Added Pin To Net: NetName=GND Pin=R7-1
Added Pin To Net: NetName=Net*4_K Pin=R7-2
Added Pin To Net: NetName=GND Pin=R8-1
Added Pin To Net: NetName=Net*5_K Pin=R8-2
Added Pin To Net: NetName=NetNodeMCU1_21 Pin=R9-1
Added Pin To Net: NetName=NetQ?_2 Pin=R9-2
Added Pin To Net: NetName=NetFita_led1_4 Pin=R10-1
Added Pin To Net: NetName=NetFita_led1_3 Pin=R11-2
Added Pin To Net: NetName=NetFita_led1_2 Pin=R12-2
Added Pin To Net: NetName=Netrede_A_1 Pin=rede_A-1
Added Pin To Net: NetName=Netrede_A_2 Pin=rede_A-2
Added Pin To Net: NetName=Netrede_A_3 Pin=rede_A-3
Added Pin To Net: NetName=Netrede_B_1 Pin=rede_B-1
Added Pin To Net: NetName=Netrede_A_2 Pin=rede_B-2
Added Pin To Net: NetName=Netrede_B_3 Pin=rede_B-3
Added Pin To Net: NetName=Netrede_A_2 Pin=RL1-1
Added Pin To Net: NetName=Netrede_A_1 Pin=RL1-2
Added Pin To Net: NetName=Netrede_A_3 Pin=RL1-3
Added Pin To Net: NetName=+12 Pin=RL1-4
Added Pin To Net: NetName=Net*2_A Pin=RL1-5
Added Pin To Net: NetName=Netrede_A_2 Pin=RL2-1
Added Pin To Net: NetName=Netrede_B_1 Pin=RL2-2
Added Pin To Net: NetName=Netrede_B_3 Pin=RL2-3
Added Pin To Net: NetName=+12 Pin=RL2-4
Added Pin To Net: NetName=Net*3_A Pin=RL2-5
Change Net Name : Old Net Name=NetQ?_2 New Net Name=NetQ1_2
Change Net Name : Old Net Name=NetQ?_2 New Net Name=NetQ4_2
Change Net Name : Old Net Name=NetQ?_2 New Net Name=NetQ5_2
Added Pin To Net: NetName=Net*6_K Pin=*6-K
Added Pin To Net: NetName=Net*6_K Pin=R10-2
Added Net: Name=Net*6_K
Added Pin To Net: NetName=Net*7_K Pin=*7-K
Added Pin To Net: NetName=Net*7_K Pin=R11-1
Added Net: Name=Net*7_K
Added Pin To Net: NetName=Net*8_K Pin=*8-K
Added Pin To Net: NetName=Net*8_K Pin=R12-1
Added Net: Name=Net*8_K
Added Member To Class: ClassName=main Member=Component *1 LED_AXIAL_5MM
Added Member To Class: ClassName=relay_and_led_RGB Member=Component *2 DIO_PTH_1N4007
Added Member To Class: ClassName=relay_and_led_RGB Member=Component *3 DIO_PTH_1N4007
Added Member To Class: ClassName=relay_and_led_RGB Member=Component *4 LED_AXIAL_5MM
Added Member To Class: ClassName=relay_and_led_RGB Member=Component *5 LED_AXIAL_5MM
Added Member To Class: ClassName=relay_and_led_RGB Member=Component *6 LED_AXIAL_5MM
Added Member To Class: ClassName=relay_and_led_RGB Member=Component *7 LED_AXIAL_5MM
Added Member To Class: ClassName=relay_and_led_RGB Member=Component *8 LED_AXIAL_5MM
Added Member To Class: ClassName=main Member=Component aliemntação ?
Added Member To Class: ClassName=main Member=Component Button ?
Added Member To Class: ClassName=main Member=Component Clock1 HEADER_1X6
Added Member To Class: ClassName=relay_and_led_RGB Member=Component Fita_led1 CN_KK_4
Added Member To Class: ClassName=main Member=Component NodeMCU1 ESP8266 Development kit
Added Member To Class: ClassName=relay_and_led_RGB Member=Component Q1 NPN
Added Member To Class: ClassName=relay_and_led_RGB Member=Component Q2 NPN
Added Member To Class: ClassName=relay_and_led_RGB Member=Component Q3 NPN
Added Member To Class: ClassName=relay_and_led_RGB Member=Component Q4 NPN
Added Member To Class: ClassName=relay_and_led_RGB Member=Component Q5 NPN
Added Member To Class: ClassName=main Member=Component R1 1M
Added Member To Class: ClassName=main Member=Component R2 
Added Member To Class: ClassName=relay_and_led_RGB Member=Component R3 10k
Added Member To Class: ClassName=relay_and_led_RGB Member=Component R4 10k
Added Member To Class: ClassName=relay_and_led_RGB Member=Component R5 10k
Added Member To Class: ClassName=relay_and_led_RGB Member=Component R6 10k
Added Member To Class: ClassName=relay_and_led_RGB Member=Component R7 330
Added Member To Class: ClassName=relay_and_led_RGB Member=Component R8 330
Added Member To Class: ClassName=relay_and_led_RGB Member=Component R9 10k
Added Member To Class: ClassName=relay_and_led_RGB Member=Component R10 330
Added Member To Class: ClassName=relay_and_led_RGB Member=Component R11 330
Added Member To Class: ClassName=relay_and_led_RGB Member=Component R12 330
Added Member To Class: ClassName=relay_and_led_RGB Member=Component rede_A ?
Added Member To Class: ClassName=relay_and_led_RGB Member=Component rede_B ?
Added Member To Class: ClassName=relay_and_led_RGB Member=Component RL1 RELEICR5551
Added Member To Class: ClassName=relay_and_led_RGB Member=Component RL2 RELEICR5551
Added Room: Name=main
Added Room: Name=relay_and_led_RGB
