Added Component: Designator=P1(HEADER_2X4)
Add component. Clean all parameters for all variants
Add component (AddParameter): Name = "LatestRevisionDate"; Value = "17-Jul-2002"; VariantName = "[No Variations]"
Add component (AddParameter): Name = "LatestRevisionNote"; Value = "Re-released for DXP Platform."; VariantName = "[No Variations]"
Add component (AddParameter): Name = "Publisher"; Value = "Altium Limited"; VariantName = "[No Variations]"
Added Component: Designator=P3(CN_KRE_3)
Add component. Clean all parameters for all variants
Add component (AddParameter): Name = "LatestRevisionDate"; Value = "17-Jul-2002"; VariantName = "[No Variations]"
Add component (AddParameter): Name = "LatestRevisionNote"; Value = "Re-released for DXP Platform."; VariantName = "[No Variations]"
Add component (AddParameter): Name = "Publisher"; Value = "Altium Limited"; VariantName = "[No Variations]"
Added Pin To Net: NetName=GND Pin=P1-1
Added Pin To Net: NetName=NetC1_1 Pin=P1-2
Added Pin To Net: NetName=GND Pin=P1-3
Added Pin To Net: NetName=NetC2_1 Pin=P1-4
Added Pin To Net: NetName=GND Pin=P1-5
Added Pin To Net: NetName=NetC3_1 Pin=P1-6
Added Pin To Net: NetName=GND Pin=P1-7
Added Pin To Net: NetName=NetC4_1 Pin=P1-8
Added Pin To Net: NetName=VCC Pin=P3-1
Added Pin To Net: NetName=NetP2_2 Pin=P3-2
Added Pin To Net: NetName=GND Pin=P3-3
Added Member To Class: ClassName=Sheet1 Member=Component P1 MHDR2X4
Added Member To Class: ClassName=Sheet1 Member=Component P3 MHDR1X3
